--------------------------------------------------- ConvTool.parseInt ---------------------------------------------------
e : 数字ではありません。
クラス名：java.lang.Threadメソッド名：getStackTrace
クラス名：tools.ConvToolメソッド名：traceLog
クラス名：tools.ConvToolメソッド名：createErrorMessage
クラス名：tools.ConvToolメソッド名：parseInt
クラス名：tools.ConvToolメソッド名：main

--------------------------------------------------- ConvTool.parseInt ---------------------------------------------------
e : 数字ではありません。
Method：tools.ConvTool.createErrorMessage
Method：tools.ConvTool.parseInt
Method：tools.ConvTool.main

------------------------------------------------------------------------------------------------------
message : 数字ではありません。
Method：tools.ConvTool.createErrorMessage
Method：tools.ConvTool.parseInt
Method：tools.ConvTool.main

------------------------------------------------------------------------------------------------------
exception : null
message : null
Method：tools.ConvTool.createErrorMessage
Method：tools.ConvTool.main

------------------------------------------------------------------------------------------------------
message : 数字ではありません。
Method：tools.ConvTool.createErrorMessage
Method：tools.ConvTool.parseInt
Method：tools.ConvTool.main

------------------------------------------------------------------------------------------------------
exception : null
message : null
Method：tools.ConvTool.createErrorMessage
Method：tools.ConvTool.main

------------------------------------------------------------------------------------------------------
message : 数字ではありません。
Method：tools.ConvTool.printLog
Method：tools.ConvTool.printLog
Method：tools.ConvTool.parseInt
Method：tools.ConvTool.main

------------------------------------------------------------------------------------------------------
message : 数字ではありません。
Method：tools.ConvTool.printLog
Method：tools.ConvTool.printLog
Method：tools.ConvTool.parseInt
Method：tools.ConvTool.main

------------------------------------------------------------------------------------------------------
message : 数字ではありません。
Method：tools.ConvTool.printLog
Method：tools.ConvTool.printLog
Method：tools.ConvTool.parseInt

------------------------------------------------------------------------------------------------------
message : 数字ではありません。
Method：tools.ConvTool.printLog
Method：tools.ConvTool.printLog
Method：tools.ConvTool.parseInt

------------------------------------------------------------------------------------------------------
message : 数字ではありません。
Method：tools.ConvTool.printLog
Method：tools.ConvTool.printLog

------------------------------------------------------------------------------------------------------
message : 数字ではありません。
Method：tools.ConvTool.printLog
Method：tools.ConvTool.printLog
Method：tools.ConvTool.parseInt
Method：tools.ConvTool.main

----------------------------------------------------------------- log start -----------------------------------------------------------------
message : 数字ではありません。
Method：tools.ConvTool.printLog
Method：tools.ConvTool.printLog
Method：tools.ConvTool.parseInt
Method：tools.ConvTool.main

----------------------------------------------------------------- log start -----------------------------------------------------------------
message : 数字ではありません。
Method：tools.ConvTool.printLog
Method：tools.ConvTool.printLog
Method：tools.ConvTool.parseInt
Method：tools.ConvTool.main

----------------------------------------------------------------- logstart -----------------------------------------------------------------
message : 数字ではありません。
Method：tools.ConvTool.printLog
Method：tools.ConvTool.printLog
Method：tools.ConvTool.parseInt
Method：tools.ConvTool.main

----------------------------------------------------------------- logstart -----------------------------------------------------------------
message : 数字ではありません。
Method：tools.ConvTool.printLog
Method：tools.ConvTool.printLog
Method：tools.ConvTool.parseInt
Method：tools.ConvTool.main

----------------------------------------------------------------- logstart -----------------------------------------------------------------
message : 数字ではありません。
Method：tools.ConvTool.printLog
Method：tools.ConvTool.printLog
Method：tools.ConvTool.parseInt
Method：tools.ConvTool.main

